2014/07/15 20:19:14 INFO  - jmeter.util.JMeterUtils: Setting Locale to en_US 
2014/07/15 20:19:14 INFO  - jmeter.JMeter: Copyright (c) 1998-2013 The Apache Software Foundation 
2014/07/15 20:19:14 INFO  - jmeter.JMeter: Version 2.10-SNAPSHOT 
2014/07/15 20:19:14 INFO  - jmeter.JMeter: java.version=1.7.0_21 
2014/07/15 20:19:14 INFO  - jmeter.JMeter: java.vm.name=Java HotSpot(TM) 64-Bit Server VM 
2014/07/15 20:19:14 INFO  - jmeter.JMeter: os.name=Windows 8 
2014/07/15 20:19:14 INFO  - jmeter.JMeter: os.arch=amd64 
2014/07/15 20:19:14 INFO  - jmeter.JMeter: os.version=6.2 
2014/07/15 20:19:14 INFO  - jmeter.JMeter: file.encoding=Cp1252 
2014/07/15 20:19:14 INFO  - jmeter.JMeter: Default Locale=English (United States) 
2014/07/15 20:19:14 INFO  - jmeter.JMeter: JMeter  Locale=English (United States) 
2014/07/15 20:19:14 INFO  - jmeter.JMeter: JMeterHome=D:\PROJECT\PROJECT\ECLIPSE_WORKSPACE(restorept)\Jplug 
2014/07/15 20:19:14 INFO  - jmeter.JMeter: user.dir  =D:\PROJECT\PROJECT\ECLIPSE_WORKSPACE(restorept)\Jplug\bin 
2014/07/15 20:19:14 INFO  - jmeter.JMeter: PWD       =D:\PROJECT\PROJECT\ECLIPSE_WORKSPACE(restorept)\Jplug\bin 
2014/07/15 20:19:14 INFO  - jmeter.JMeter: IP: 192.168.1.5 Name: Clyde FullName: Clyde 
2014/07/15 20:19:14 INFO  - jmeter.JMeter: Loaded icon properties from org/apache/jmeter/images/icon.properties 
2014/07/15 20:19:22 INFO  - jmeter.engine.util.CompoundVariable: Note: Function class names must contain the string: '.functions.' 
2014/07/15 20:19:22 INFO  - jmeter.engine.util.CompoundVariable: Note: Function class names must not contain the string: '.gui.' 
2014/07/15 20:19:23 INFO  - jmeter.gui.action.LookAndFeelCommand: Using look and feel: javax.swing.plaf.metal.MetalLookAndFeel [Metal, CrossPlatform] 
2014/07/15 20:19:24 INFO  - jmeter.util.BSFTestElement: Registering JMeter version of JavaScript engine as work-round for BSF-22 
2014/07/15 20:19:26 INFO  - jmeter.protocol.http.sampler.HTTPSamplerBase: Cannot find .className property for htmlParser, using default 
2014/07/15 20:19:26 INFO  - jmeter.protocol.http.sampler.HTTPSamplerBase: Parser for text/html is  
2014/07/15 20:19:26 INFO  - jmeter.protocol.http.sampler.HTTPSamplerBase: Parser for application/xhtml+xml is  
2014/07/15 20:19:26 INFO  - jmeter.protocol.http.sampler.HTTPSamplerBase: Parser for application/xml is  
2014/07/15 20:19:26 INFO  - jmeter.protocol.http.sampler.HTTPSamplerBase: Parser for text/xml is  
2014/07/15 20:19:26 INFO  - jmeter.protocol.http.sampler.HTTPSamplerBase: Parser for text/vnd.wap.wml is org.apache.jmeter.protocol.http.parser.RegexpHTMLParser 
2014/07/15 20:19:26 INFO  - jmeter.protocol.http.proxy.ProxyControl: Proxy Server SSL Proxy will use keys that support embedded 3rd party resources in file D:\PROJECT\PROJECT\ECLIPSE_WORKSPACE(restorept)\Jplug\bin\proxyserver.jks 
2014/07/15 20:19:28 INFO  - jmeter.samplers.SampleResult: Note: Sample TimeStamps are START times 
2014/07/15 20:19:28 INFO  - jmeter.samplers.SampleResult: sampleresult.default.encoding is set to ISO-8859-1 
2014/07/15 20:19:28 INFO  - jmeter.samplers.SampleResult: sampleresult.useNanoTime=true 
2014/07/15 20:19:28 INFO  - jmeter.samplers.SampleResult: sampleresult.nanoThreadSleep=5000 
2014/07/15 20:19:28 WARN  - jmeter.gui.util.MenuFactory: Could not instantiate org.apache.jmeter.visualizers.SaveReportPlugin.SaveReport java.lang.ClassNotFoundException: org.apache.jmeter.visualizers.SaveReportPlugin.SaveReport
	at java.net.URLClassLoader$1.run(Unknown Source)
	at java.net.URLClassLoader$1.run(Unknown Source)
	at java.security.AccessController.doPrivileged(Native Method)
	at java.net.URLClassLoader.findClass(Unknown Source)
	at java.lang.ClassLoader.loadClass(Unknown Source)
	at sun.misc.Launcher$AppClassLoader.loadClass(Unknown Source)
	at java.lang.ClassLoader.loadClass(Unknown Source)
	at java.lang.Class.forName0(Native Method)
	at java.lang.Class.forName(Unknown Source)
	at org.apache.jmeter.gui.util.MenuFactory.initializeMenus(MenuFactory.java:453)
	at org.apache.jmeter.gui.util.MenuFactory.<clinit>(MenuFactory.java:161)
	at org.apache.jmeter.control.gui.TestPlanGui.createPopupMenu(TestPlanGui.java:93)
	at org.apache.jmeter.gui.tree.JMeterTreeNode.createPopupMenu(JMeterTreeNode.java:156)
	at org.apache.jmeter.gui.action.EditCommand.doAction(EditCommand.java:47)
	at org.apache.jmeter.gui.action.ActionRouter.performAction(ActionRouter.java:81)
	at org.apache.jmeter.gui.action.ActionRouter.access$0(ActionRouter.java:69)
	at org.apache.jmeter.gui.action.ActionRouter$1.run(ActionRouter.java:63)
	at java.awt.event.InvocationEvent.dispatch(Unknown Source)
	at java.awt.EventQueue.dispatchEventImpl(Unknown Source)
	at java.awt.EventQueue.access$200(Unknown Source)
	at java.awt.EventQueue$3.run(Unknown Source)
	at java.awt.EventQueue$3.run(Unknown Source)
	at java.security.AccessController.doPrivileged(Native Method)
	at java.security.ProtectionDomain$1.doIntersectionPrivilege(Unknown Source)
	at java.awt.EventQueue.dispatchEvent(Unknown Source)
	at java.awt.EventDispatchThread.pumpOneEventForFilters(Unknown Source)
	at java.awt.EventDispatchThread.pumpEventsForFilter(Unknown Source)
	at java.awt.EventDispatchThread.pumpEventsForHierarchy(Unknown Source)
	at java.awt.EventDispatchThread.pumpEvents(Unknown Source)
	at java.awt.EventDispatchThread.pumpEvents(Unknown Source)
	at java.awt.EventDispatchThread.run(Unknown Source)

