2013/12/25 12:50:00 INFO  - jmeter.util.JMeterUtils: Setting Locale to en_US 
2013/12/25 12:50:00 INFO  - jmeter.JMeter: Copyright (c) 1998-2013 The Apache Software Foundation 
2013/12/25 12:50:00 INFO  - jmeter.JMeter: Version 2.10-SNAPSHOT.20131225 
2013/12/25 12:50:00 INFO  - jmeter.JMeter: java.version=1.7.0_21 
2013/12/25 12:50:00 INFO  - jmeter.JMeter: java.vm.name=Java HotSpot(TM) 64-Bit Server VM 
2013/12/25 12:50:00 INFO  - jmeter.JMeter: os.name=Windows 8 
2013/12/25 12:50:00 INFO  - jmeter.JMeter: os.arch=amd64 
2013/12/25 12:50:00 INFO  - jmeter.JMeter: os.version=6.2 
2013/12/25 12:50:00 INFO  - jmeter.JMeter: file.encoding=Cp1252 
2013/12/25 12:50:00 INFO  - jmeter.JMeter: Default Locale=English (United States) 
2013/12/25 12:50:00 INFO  - jmeter.JMeter: JMeter  Locale=English (United States) 
2013/12/25 12:50:00 INFO  - jmeter.JMeter: JMeterHome=L:\PROJECT\ECLIPSE_WORKSPACE(restorept)\Jplug 
2013/12/25 12:50:00 INFO  - jmeter.JMeter: user.dir  =L:\PROJECT\ECLIPSE_WORKSPACE(restorept)\Jplug 
2013/12/25 12:50:00 INFO  - jmeter.JMeter: PWD       =L:\PROJECT\ECLIPSE_WORKSPACE(restorept)\Jplug 
2013/12/25 12:50:00 INFO  - jmeter.JMeter: IP: 192.168.1.4 Name: Clyde FullName: Clyde.Home 
2013/12/25 12:50:00 INFO  - jmeter.JMeter: Loaded icon properties from org/apache/jmeter/images/icon.properties 
2013/12/25 12:50:01 INFO  - jmeter.engine.util.CompoundVariable: Note: Function class names must contain the string: '.functions.' 
2013/12/25 12:50:01 INFO  - jmeter.engine.util.CompoundVariable: Note: Function class names must not contain the string: '.gui.' 
2013/12/25 12:50:01 INFO  - jmeter.gui.action.LookAndFeelCommand: Using look and feel: javax.swing.plaf.metal.MetalLookAndFeel [Metal, CrossPlatform] 
2013/12/25 12:50:01 INFO  - jmeter.util.BSFTestElement: Registering JMeter version of JavaScript engine as work-round for BSF-22 
2013/12/25 12:50:02 INFO  - jmeter.protocol.http.sampler.HTTPSamplerBase: Cannot find .className property for htmlParser, using default 
2013/12/25 12:50:02 INFO  - jmeter.protocol.http.sampler.HTTPSamplerBase: Parser for text/html is  
2013/12/25 12:50:02 INFO  - jmeter.protocol.http.sampler.HTTPSamplerBase: Parser for application/xhtml+xml is  
2013/12/25 12:50:02 INFO  - jmeter.protocol.http.sampler.HTTPSamplerBase: Parser for application/xml is  
2013/12/25 12:50:02 INFO  - jmeter.protocol.http.sampler.HTTPSamplerBase: Parser for text/xml is  
2013/12/25 12:50:02 INFO  - jmeter.protocol.http.sampler.HTTPSamplerBase: Parser for text/vnd.wap.wml is org.apache.jmeter.protocol.http.parser.RegexpHTMLParser 
2013/12/25 12:50:02 INFO  - jmeter.protocol.http.proxy.ProxyControl: Proxy Server SSL Proxy will use keys that support embedded 3rd party resources in file L:\PROJECT\ECLIPSE_WORKSPACE(restorept)\Jplug\bin\proxyserver.jks 
2013/12/25 12:50:03 INFO  - jmeter.samplers.SampleResult: Note: Sample TimeStamps are START times 
2013/12/25 12:50:03 INFO  - jmeter.samplers.SampleResult: sampleresult.default.encoding is set to ISO-8859-1 
2013/12/25 12:50:03 INFO  - jmeter.samplers.SampleResult: sampleresult.useNanoTime=true 
2013/12/25 12:50:03 INFO  - jmeter.samplers.SampleResult: sampleresult.nanoThreadSleep=5000 
2013/12/25 12:50:03 WARN  - jmeter.gui.util.MenuFactory: Could not instantiate org.apache.jmeter.visualizers.NewListener1 java.lang.NullPointerException
	at org.apache.jmeter.visualizers.NewListener1.createTable(NewListener1.java:375)
	at org.apache.jmeter.visualizers.NewListener1.actionPerformed(NewListener1.java:345)
	at javax.swing.AbstractButton.fireActionPerformed(Unknown Source)
	at javax.swing.AbstractButton$Handler.actionPerformed(Unknown Source)
	at javax.swing.DefaultButtonModel.fireActionPerformed(Unknown Source)
	at javax.swing.JToggleButton$ToggleButtonModel.setPressed(Unknown Source)
	at javax.swing.AbstractButton.doClick(Unknown Source)
	at javax.swing.AbstractButton.doClick(Unknown Source)
	at org.apache.jmeter.visualizers.NewListener1.createButtonPanel(NewListener1.java:466)
	at org.apache.jmeter.visualizers.NewListener1.init(NewListener1.java:207)
	at org.apache.jmeter.visualizers.NewListener1.<init>(NewListener1.java:107)
	at sun.reflect.NativeConstructorAccessorImpl.newInstance0(Native Method)
	at sun.reflect.NativeConstructorAccessorImpl.newInstance(Unknown Source)
	at sun.reflect.DelegatingConstructorAccessorImpl.newInstance(Unknown Source)
	at java.lang.reflect.Constructor.newInstance(Unknown Source)
	at java.lang.Class.newInstance0(Unknown Source)
	at java.lang.Class.newInstance(Unknown Source)
	at org.apache.jmeter.gui.util.MenuFactory.initializeMenus(MenuFactory.java:459)
	at org.apache.jmeter.gui.util.MenuFactory.<clinit>(MenuFactory.java:161)
	at org.apache.jmeter.control.gui.TestPlanGui.createPopupMenu(TestPlanGui.java:93)
	at org.apache.jmeter.gui.tree.JMeterTreeNode.createPopupMenu(JMeterTreeNode.java:156)
	at org.apache.jmeter.gui.action.EditCommand.doAction(EditCommand.java:47)
	at org.apache.jmeter.gui.action.ActionRouter.performAction(ActionRouter.java:81)
	at org.apache.jmeter.gui.action.ActionRouter.access$0(ActionRouter.java:69)
	at org.apache.jmeter.gui.action.ActionRouter$1.run(ActionRouter.java:63)
	at java.awt.event.InvocationEvent.dispatch(Unknown Source)
	at java.awt.EventQueue.dispatchEventImpl(Unknown Source)
	at java.awt.EventQueue.access$200(Unknown Source)
	at java.awt.EventQueue$3.run(Unknown Source)
	at java.awt.EventQueue$3.run(Unknown Source)
	at java.security.AccessController.doPrivileged(Native Method)
	at java.security.ProtectionDomain$1.doIntersectionPrivilege(Unknown Source)
	at java.awt.EventQueue.dispatchEvent(Unknown Source)
	at java.awt.EventDispatchThread.pumpOneEventForFilters(Unknown Source)
	at java.awt.EventDispatchThread.pumpEventsForFilter(Unknown Source)
	at java.awt.EventDispatchThread.pumpEventsForHierarchy(Unknown Source)
	at java.awt.EventDispatchThread.pumpEvents(Unknown Source)
	at java.awt.EventDispatchThread.pumpEvents(Unknown Source)
	at java.awt.EventDispatchThread.run(Unknown Source)

2013/12/25 12:50:03 ERROR - jmeter.gui.util.MenuFactory:  java.lang.NullPointerException
	at org.apache.jmeter.visualizers.NewListener1.createTable(NewListener1.java:375)
	at org.apache.jmeter.visualizers.NewListener1.actionPerformed(NewListener1.java:345)
	at javax.swing.AbstractButton.fireActionPerformed(Unknown Source)
	at javax.swing.AbstractButton$Handler.actionPerformed(Unknown Source)
	at javax.swing.DefaultButtonModel.fireActionPerformed(Unknown Source)
	at javax.swing.JToggleButton$ToggleButtonModel.setPressed(Unknown Source)
	at javax.swing.AbstractButton.doClick(Unknown Source)
	at javax.swing.AbstractButton.doClick(Unknown Source)
	at org.apache.jmeter.visualizers.NewListener1.createButtonPanel(NewListener1.java:466)
	at org.apache.jmeter.visualizers.NewListener1.init(NewListener1.java:207)
	at org.apache.jmeter.visualizers.NewListener1.<init>(NewListener1.java:107)
	at sun.reflect.NativeConstructorAccessorImpl.newInstance0(Native Method)
	at sun.reflect.NativeConstructorAccessorImpl.newInstance(Unknown Source)
	at sun.reflect.DelegatingConstructorAccessorImpl.newInstance(Unknown Source)
	at java.lang.reflect.Constructor.newInstance(Unknown Source)
	at java.lang.Class.newInstance0(Unknown Source)
	at java.lang.Class.newInstance(Unknown Source)
	at org.apache.jmeter.gui.util.MenuFactory.initializeMenus(MenuFactory.java:459)
	at org.apache.jmeter.gui.util.MenuFactory.<clinit>(MenuFactory.java:161)
	at org.apache.jmeter.control.gui.TestPlanGui.createPopupMenu(TestPlanGui.java:93)
	at org.apache.jmeter.gui.tree.JMeterTreeNode.createPopupMenu(JMeterTreeNode.java:156)
	at org.apache.jmeter.gui.action.EditCommand.doAction(EditCommand.java:47)
	at org.apache.jmeter.gui.action.ActionRouter.performAction(ActionRouter.java:81)
	at org.apache.jmeter.gui.action.ActionRouter.access$0(ActionRouter.java:69)
	at org.apache.jmeter.gui.action.ActionRouter$1.run(ActionRouter.java:63)
	at java.awt.event.InvocationEvent.dispatch(Unknown Source)
	at java.awt.EventQueue.dispatchEventImpl(Unknown Source)
	at java.awt.EventQueue.access$200(Unknown Source)
	at java.awt.EventQueue$3.run(Unknown Source)
	at java.awt.EventQueue$3.run(Unknown Source)
	at java.security.AccessController.doPrivileged(Native Method)
	at java.security.ProtectionDomain$1.doIntersectionPrivilege(Unknown Source)
	at java.awt.EventQueue.dispatchEvent(Unknown Source)
	at java.awt.EventDispatchThread.pumpOneEventForFilters(Unknown Source)
	at java.awt.EventDispatchThread.pumpEventsForFilter(Unknown Source)
	at java.awt.EventDispatchThread.pumpEventsForHierarchy(Unknown Source)
	at java.awt.EventDispatchThread.pumpEvents(Unknown Source)
	at java.awt.EventDispatchThread.pumpEvents(Unknown Source)
	at java.awt.EventDispatchThread.run(Unknown Source)

2013/12/25 12:50:03 ERROR - jmeter.JMeter: Uncaught exception:  java.lang.ExceptionInInitializerError
	at org.apache.jmeter.control.gui.TestPlanGui.createPopupMenu(TestPlanGui.java:93)
	at org.apache.jmeter.gui.tree.JMeterTreeNode.createPopupMenu(JMeterTreeNode.java:156)
	at org.apache.jmeter.gui.action.EditCommand.doAction(EditCommand.java:47)
	at org.apache.jmeter.gui.action.ActionRouter.performAction(ActionRouter.java:81)
	at org.apache.jmeter.gui.action.ActionRouter.access$0(ActionRouter.java:69)
	at org.apache.jmeter.gui.action.ActionRouter$1.run(ActionRouter.java:63)
	at java.awt.event.InvocationEvent.dispatch(Unknown Source)
	at java.awt.EventQueue.dispatchEventImpl(Unknown Source)
	at java.awt.EventQueue.access$200(Unknown Source)
	at java.awt.EventQueue$3.run(Unknown Source)
	at java.awt.EventQueue$3.run(Unknown Source)
	at java.security.AccessController.doPrivileged(Native Method)
	at java.security.ProtectionDomain$1.doIntersectionPrivilege(Unknown Source)
	at java.awt.EventQueue.dispatchEvent(Unknown Source)
	at java.awt.EventDispatchThread.pumpOneEventForFilters(Unknown Source)
	at java.awt.EventDispatchThread.pumpEventsForFilter(Unknown Source)
	at java.awt.EventDispatchThread.pumpEventsForHierarchy(Unknown Source)
	at java.awt.EventDispatchThread.pumpEvents(Unknown Source)
	at java.awt.EventDispatchThread.pumpEvents(Unknown Source)
	at java.awt.EventDispatchThread.run(Unknown Source)
Caused by: java.lang.NullPointerException
	at org.apache.jmeter.visualizers.NewListener1.createTable(NewListener1.java:375)
	at org.apache.jmeter.visualizers.NewListener1.actionPerformed(NewListener1.java:345)
	at javax.swing.AbstractButton.fireActionPerformed(Unknown Source)
	at javax.swing.AbstractButton$Handler.actionPerformed(Unknown Source)
	at javax.swing.DefaultButtonModel.fireActionPerformed(Unknown Source)
	at javax.swing.JToggleButton$ToggleButtonModel.setPressed(Unknown Source)
	at javax.swing.AbstractButton.doClick(Unknown Source)
	at javax.swing.AbstractButton.doClick(Unknown Source)
	at org.apache.jmeter.visualizers.NewListener1.createButtonPanel(NewListener1.java:466)
	at org.apache.jmeter.visualizers.NewListener1.init(NewListener1.java:207)
	at org.apache.jmeter.visualizers.NewListener1.<init>(NewListener1.java:107)
	at sun.reflect.NativeConstructorAccessorImpl.newInstance0(Native Method)
	at sun.reflect.NativeConstructorAccessorImpl.newInstance(Unknown Source)
	at sun.reflect.DelegatingConstructorAccessorImpl.newInstance(Unknown Source)
	at java.lang.reflect.Constructor.newInstance(Unknown Source)
	at java.lang.Class.newInstance0(Unknown Source)
	at java.lang.Class.newInstance(Unknown Source)
	at org.apache.jmeter.gui.util.MenuFactory.initializeMenus(MenuFactory.java:459)
	at org.apache.jmeter.gui.util.MenuFactory.<clinit>(MenuFactory.java:161)
	... 20 more

2013/12/25 12:50:03 ERROR - jmeter.JMeter: Uncaught exception:  java.lang.NoClassDefFoundError: Could not initialize class org.apache.jmeter.gui.util.MenuFactory
	at org.apache.jmeter.control.gui.TestPlanGui.createPopupMenu(TestPlanGui.java:93)
	at org.apache.jmeter.gui.tree.JMeterTreeNode.createPopupMenu(JMeterTreeNode.java:156)
	at org.apache.jmeter.gui.action.EditCommand.doAction(EditCommand.java:47)
	at org.apache.jmeter.gui.action.ActionRouter.performAction(ActionRouter.java:81)
	at org.apache.jmeter.gui.action.ActionRouter.access$0(ActionRouter.java:69)
	at org.apache.jmeter.gui.action.ActionRouter$1.run(ActionRouter.java:63)
	at java.awt.event.InvocationEvent.dispatch(Unknown Source)
	at java.awt.EventQueue.dispatchEventImpl(Unknown Source)
	at java.awt.EventQueue.access$200(Unknown Source)
	at java.awt.EventQueue$3.run(Unknown Source)
	at java.awt.EventQueue$3.run(Unknown Source)
	at java.security.AccessController.doPrivileged(Native Method)
	at java.security.ProtectionDomain$1.doIntersectionPrivilege(Unknown Source)
	at java.awt.EventQueue.dispatchEvent(Unknown Source)
	at java.awt.EventDispatchThread.pumpOneEventForFilters(Unknown Source)
	at java.awt.EventDispatchThread.pumpEventsForFilter(Unknown Source)
	at java.awt.EventDispatchThread.pumpEventsForHierarchy(Unknown Source)
	at java.awt.EventDispatchThread.pumpEvents(Unknown Source)
	at java.awt.EventDispatchThread.pumpEvents(Unknown Source)
	at java.awt.EventDispatchThread.run(Unknown Source)

2013/12/25 12:50:04 ERROR - jmeter.JMeter: Uncaught exception:  java.lang.NoClassDefFoundError: Could not initialize class org.apache.jmeter.gui.util.MenuFactory
	at org.apache.jmeter.control.gui.TestPlanGui.createPopupMenu(TestPlanGui.java:93)
	at org.apache.jmeter.gui.tree.JMeterTreeNode.createPopupMenu(JMeterTreeNode.java:156)
	at org.apache.jmeter.gui.tree.JMeterTreeListener.displayPopUp(JMeterTreeListener.java:247)
	at org.apache.jmeter.gui.tree.JMeterTreeListener.mousePressed(JMeterTreeListener.java:187)
	at java.awt.AWTEventMulticaster.mousePressed(Unknown Source)
	at java.awt.Component.processMouseEvent(Unknown Source)
	at javax.swing.JComponent.processMouseEvent(Unknown Source)
	at java.awt.Component.processEvent(Unknown Source)
	at java.awt.Container.processEvent(Unknown Source)
	at java.awt.Component.dispatchEventImpl(Unknown Source)
	at java.awt.Container.dispatchEventImpl(Unknown Source)
	at java.awt.Component.dispatchEvent(Unknown Source)
	at java.awt.LightweightDispatcher.retargetMouseEvent(Unknown Source)
	at java.awt.LightweightDispatcher.processMouseEvent(Unknown Source)
	at java.awt.LightweightDispatcher.dispatchEvent(Unknown Source)
	at java.awt.Container.dispatchEventImpl(Unknown Source)
	at java.awt.Window.dispatchEventImpl(Unknown Source)
	at java.awt.Component.dispatchEvent(Unknown Source)
	at java.awt.EventQueue.dispatchEventImpl(Unknown Source)
	at java.awt.EventQueue.access$200(Unknown Source)
	at java.awt.EventQueue$3.run(Unknown Source)
	at java.awt.EventQueue$3.run(Unknown Source)
	at java.security.AccessController.doPrivileged(Native Method)
	at java.security.ProtectionDomain$1.doIntersectionPrivilege(Unknown Source)
	at java.security.ProtectionDomain$1.doIntersectionPrivilege(Unknown Source)
	at java.awt.EventQueue$4.run(Unknown Source)
	at java.awt.EventQueue$4.run(Unknown Source)
	at java.security.AccessController.doPrivileged(Native Method)
	at java.security.ProtectionDomain$1.doIntersectionPrivilege(Unknown Source)
	at java.awt.EventQueue.dispatchEvent(Unknown Source)
	at java.awt.EventDispatchThread.pumpOneEventForFilters(Unknown Source)
	at java.awt.EventDispatchThread.pumpEventsForFilter(Unknown Source)
	at java.awt.EventDispatchThread.pumpEventsForHierarchy(Unknown Source)
	at java.awt.EventDispatchThread.pumpEvents(Unknown Source)
	at java.awt.EventDispatchThread.pumpEvents(Unknown Source)
	at java.awt.EventDispatchThread.run(Unknown Source)

2013/12/25 12:50:07 ERROR - jmeter.JMeter: Uncaught exception:  java.lang.NoClassDefFoundError: Could not initialize class org.apache.jmeter.gui.util.MenuFactory
	at org.apache.jmeter.control.gui.TestPlanGui.createPopupMenu(TestPlanGui.java:93)
	at org.apache.jmeter.gui.tree.JMeterTreeNode.createPopupMenu(JMeterTreeNode.java:156)
	at org.apache.jmeter.gui.tree.JMeterTreeListener.displayPopUp(JMeterTreeListener.java:247)
	at org.apache.jmeter.gui.tree.JMeterTreeListener.mousePressed(JMeterTreeListener.java:187)
	at java.awt.AWTEventMulticaster.mousePressed(Unknown Source)
	at java.awt.Component.processMouseEvent(Unknown Source)
	at javax.swing.JComponent.processMouseEvent(Unknown Source)
	at java.awt.Component.processEvent(Unknown Source)
	at java.awt.Container.processEvent(Unknown Source)
	at java.awt.Component.dispatchEventImpl(Unknown Source)
	at java.awt.Container.dispatchEventImpl(Unknown Source)
	at java.awt.Component.dispatchEvent(Unknown Source)
	at java.awt.LightweightDispatcher.retargetMouseEvent(Unknown Source)
	at java.awt.LightweightDispatcher.processMouseEvent(Unknown Source)
	at java.awt.LightweightDispatcher.dispatchEvent(Unknown Source)
	at java.awt.Container.dispatchEventImpl(Unknown Source)
	at java.awt.Window.dispatchEventImpl(Unknown Source)
	at java.awt.Component.dispatchEvent(Unknown Source)
	at java.awt.EventQueue.dispatchEventImpl(Unknown Source)
	at java.awt.EventQueue.access$200(Unknown Source)
	at java.awt.EventQueue$3.run(Unknown Source)
	at java.awt.EventQueue$3.run(Unknown Source)
	at java.security.AccessController.doPrivileged(Native Method)
	at java.security.ProtectionDomain$1.doIntersectionPrivilege(Unknown Source)
	at java.security.ProtectionDomain$1.doIntersectionPrivilege(Unknown Source)
	at java.awt.EventQueue$4.run(Unknown Source)
	at java.awt.EventQueue$4.run(Unknown Source)
	at java.security.AccessController.doPrivileged(Native Method)
	at java.security.ProtectionDomain$1.doIntersectionPrivilege(Unknown Source)
	at java.awt.EventQueue.dispatchEvent(Unknown Source)
	at java.awt.EventDispatchThread.pumpOneEventForFilters(Unknown Source)
	at java.awt.EventDispatchThread.pumpEventsForFilter(Unknown Source)
	at java.awt.EventDispatchThread.pumpEventsForHierarchy(Unknown Source)
	at java.awt.EventDispatchThread.pumpEvents(Unknown Source)
	at java.awt.EventDispatchThread.pumpEvents(Unknown Source)
	at java.awt.EventDispatchThread.run(Unknown Source)

