2014-02-03 19:29:52,559 [main] INFO  c.n.h.c.p.n.NettyAsyncHttpProvider - Number of application's worked threads is 8
2014-02-03 19:29:52,794 [pool-4-thread-1] INFO  c.n.h.c.p.n.NettyAsyncHttpProvider - Number of application's worked threads is 8
2014-02-03 19:29:52,984 [main] ERROR o.e.r.i.r.repo.ModelRepositoryIndex - Failed to open search index.
org.apache.lucene.index.IndexNotFoundException: no segments* file found in org.apache.lucene.store.SimpleFSDirectory@F:\project\ECLIPSE_WORKSPACE(restorept)\.metadata\.plugins\org.eclipse.recommenders.rcp\index lockFactory=org.apache.lucene.store.NativeFSLockFactory@191352c: files: []
	at org.apache.lucene.index.SegmentInfos$FindSegmentsFile.run(SegmentInfos.java:712) ~[org.apache.lucene.core_3.5.0.v20120725-1805.jar:3.5.0 1204988 - simon - 2011-11-22 14:46:51]
	at org.apache.lucene.index.DirectoryReader.open(DirectoryReader.java:75) ~[org.apache.lucene.core_3.5.0.v20120725-1805.jar:3.5.0 1204988 - simon - 2011-11-22 14:46:51]
	at org.apache.lucene.index.IndexReader.open(IndexReader.java:462) ~[org.apache.lucene.core_3.5.0.v20120725-1805.jar:3.5.0 1204988 - simon - 2011-11-22 14:46:51]
	at org.apache.lucene.index.IndexReader.open(IndexReader.java:308) ~[org.apache.lucene.core_3.5.0.v20120725-1805.jar:3.5.0 1204988 - simon - 2011-11-22 14:46:51]
	at org.eclipse.recommenders.internal.rcp.repo.ModelRepositoryIndex.open(ModelRepositoryIndex.java:64) ~[org.eclipse.recommenders.rcp_1.0.5.v20130822-0858-b90.jar:na]
	at org.eclipse.recommenders.internal.rcp.wiring.RecommendersModule$ServicesInitializer.<init>(RecommendersModule.java:377) [org.eclipse.recommenders.rcp_1.0.5.v20130822-0858-b90.jar:na]
	at sun.reflect.NativeConstructorAccessorImpl.newInstance0(Native Method) [na:1.7.0_40]
	at sun.reflect.NativeConstructorAccessorImpl.newInstance(Unknown Source) [na:1.7.0_40]
	at sun.reflect.DelegatingConstructorAccessorImpl.newInstance(Unknown Source) [na:1.7.0_40]
	at java.lang.reflect.Constructor.newInstance(Unknown Source) [na:1.7.0_40]
	at com.google.inject.internal.DefaultConstructionProxyFactory$1.newInstance(DefaultConstructionProxyFactory.java:85) [com.google.inject_3.0.0.v201203062045.jar:na]
	at com.google.inject.internal.ConstructorInjector.construct(ConstructorInjector.java:85) [com.google.inject_3.0.0.v201203062045.jar:na]
	at com.google.inject.internal.ConstructorBindingImpl$Factory.get(ConstructorBindingImpl.java:254) [com.google.inject_3.0.0.v201203062045.jar:na]
	at com.google.inject.internal.ProviderToInternalFactoryAdapter$1.call(ProviderToInternalFactoryAdapter.java:46) [com.google.inject_3.0.0.v201203062045.jar:na]
	at com.google.inject.internal.InjectorImpl.callInContext(InjectorImpl.java:1031) [com.google.inject_3.0.0.v201203062045.jar:na]
	at com.google.inject.internal.ProviderToInternalFactoryAdapter.get(ProviderToInternalFactoryAdapter.java:40) [com.google.inject_3.0.0.v201203062045.jar:na]
	at com.google.inject.Scopes$1$1.get(Scopes.java:65) [com.google.inject_3.0.0.v201203062045.jar:na]
	at com.google.inject.internal.InternalFactoryToProviderAdapter.get(InternalFactoryToProviderAdapter.java:40) [com.google.inject_3.0.0.v201203062045.jar:na]
	at com.google.inject.internal.InternalInjectorCreator$1.call(InternalInjectorCreator.java:204) [com.google.inject_3.0.0.v201203062045.jar:na]
	at com.google.inject.internal.InternalInjectorCreator$1.call(InternalInjectorCreator.java:198) [com.google.inject_3.0.0.v201203062045.jar:na]
	at com.google.inject.internal.InjectorImpl.callInContext(InjectorImpl.java:1024) [com.google.inject_3.0.0.v201203062045.jar:na]
	at com.google.inject.internal.InternalInjectorCreator.loadEagerSingletons(InternalInjectorCreator.java:198) [com.google.inject_3.0.0.v201203062045.jar:na]
	at com.google.inject.internal.InternalInjectorCreator.injectDynamically(InternalInjectorCreator.java:179) [com.google.inject_3.0.0.v201203062045.jar:na]
	at com.google.inject.internal.InternalInjectorCreator.build(InternalInjectorCreator.java:109) [com.google.inject_3.0.0.v201203062045.jar:na]
	at com.google.inject.Guice.createInjector(Guice.java:95) [com.google.inject_3.0.0.v201203062045.jar:na]
	at com.google.inject.Guice.createInjector(Guice.java:72) [com.google.inject_3.0.0.v201203062045.jar:na]
	at org.eclipse.recommenders.injection.InjectionService.getInjector(InjectionService.java:47) [org.eclipse.recommenders.injection_1.0.5.v20130822-0858-b90.jar:na]
	at org.eclipse.recommenders.injection.ExtensionFactory.<init>(ExtensionFactory.java:28) [org.eclipse.recommenders.injection_1.0.5.v20130822-0858-b90.jar:na]
	at sun.reflect.NativeConstructorAccessorImpl.newInstance0(Native Method) [na:1.7.0_40]
	at sun.reflect.NativeConstructorAccessorImpl.newInstance(Unknown Source) [na:1.7.0_40]
	at sun.reflect.DelegatingConstructorAccessorImpl.newInstance(Unknown Source) [na:1.7.0_40]
	at java.lang.reflect.Constructor.newInstance(Unknown Source) [na:1.7.0_40]
	at java.lang.Class.newInstance(Unknown Source) [na:1.7.0_40]
	at org.eclipse.core.internal.registry.osgi.RegistryStrategyOSGI.createExecutableExtension(RegistryStrategyOSGI.java:184) [org.eclipse.equinox.registry_3.5.301.v20130717-1549.jar:na]
	at org.eclipse.core.internal.registry.ExtensionRegistry.createExecutableExtension(ExtensionRegistry.java:905) [org.eclipse.equinox.registry_3.5.301.v20130717-1549.jar:na]
	at org.eclipse.core.internal.registry.ConfigurationElement.createExecutableExtension(ConfigurationElement.java:243) [org.eclipse.equinox.registry_3.5.301.v20130717-1549.jar:na]
	at org.eclipse.core.internal.registry.ConfigurationElementHandle.createExecutableExtension(ConfigurationElementHandle.java:55) [org.eclipse.equinox.registry_3.5.301.v20130717-1549.jar:na]
	at org.eclipse.jdt.internal.ui.text.java.CompletionProposalComputerDescriptor.createComputer(CompletionProposalComputerDescriptor.java:308) [org.eclipse.jdt.ui_3.9.1.v20130820-1427.jar:na]
	at org.eclipse.jdt.internal.ui.text.java.CompletionProposalComputerDescriptor.getComputer(CompletionProposalComputerDescriptor.java:275) [org.eclipse.jdt.ui_3.9.1.v20130820-1427.jar:na]
	at org.eclipse.jdt.internal.ui.text.java.CompletionProposalComputerDescriptor.sessionStarted(CompletionProposalComputerDescriptor.java:418) [org.eclipse.jdt.ui_3.9.1.v20130820-1427.jar:na]
	at org.eclipse.jdt.internal.ui.text.java.CompletionProposalCategory.sessionStarted(CompletionProposalCategory.java:384) [org.eclipse.jdt.ui_3.9.1.v20130820-1427.jar:na]
	at org.eclipse.jdt.internal.ui.text.java.ContentAssistProcessor$CompletionListener.assistSessionStarted(ContentAssistProcessor.java:119) [org.eclipse.jdt.ui_3.9.1.v20130820-1427.jar:na]
	at org.eclipse.jface.text.contentassist.ContentAssistant.fireSessionBeginEvent(ContentAssistant.java:2221) [org.eclipse.jface.text_3.8.101.v20130802-1147.jar:na]
	at org.eclipse.jface.text.contentassist.ContentAssistant.prepareToShowCompletions(ContentAssistant.java:1696) [org.eclipse.jface.text_3.8.101.v20130802-1147.jar:na]
	at org.eclipse.jface.text.contentassist.ContentAssistant.access$6(ContentAssistant.java:1687) [org.eclipse.jface.text_3.8.101.v20130802-1147.jar:na]
	at org.eclipse.jface.text.contentassist.ContentAssistant$2.run(ContentAssistant.java:376) [org.eclipse.jface.text_3.8.101.v20130802-1147.jar:na]
	at org.eclipse.swt.widgets.RunnableLock.run(RunnableLock.java:35) [org.eclipse.swt.win32.win32.x86_3.102.1.v20130827-2048.jar:na]
	at org.eclipse.swt.widgets.Synchronizer.runAsyncMessages(Synchronizer.java:135) [org.eclipse.swt.win32.win32.x86_3.102.1.v20130827-2048.jar:na]
	at org.eclipse.swt.widgets.Display.runAsyncMessages(Display.java:4145) [org.eclipse.swt.win32.win32.x86_3.102.1.v20130827-2048.jar:na]
	at org.eclipse.swt.widgets.Display.readAndDispatch(Display.java:3762) [org.eclipse.swt.win32.win32.x86_3.102.1.v20130827-2048.jar:na]
	at org.eclipse.e4.ui.internal.workbench.swt.PartRenderingEngine$9.run(PartRenderingEngine.java:1113) [org.eclipse.e4.ui.workbench.swt_0.12.1.v20130815-1438.jar:na]
	at org.eclipse.core.databinding.observable.Realm.runWithDefault(Realm.java:332) [org.eclipse.core.databinding.observable_1.4.1.v20130515-1857.jar:na]
	at org.eclipse.e4.ui.internal.workbench.swt.PartRenderingEngine.run(PartRenderingEngine.java:997) [org.eclipse.e4.ui.workbench.swt_0.12.1.v20130815-1438.jar:na]
	at org.eclipse.e4.ui.internal.workbench.E4Workbench.createAndRunUI(E4Workbench.java:138) [org.eclipse.e4.ui.workbench_1.0.1.v20130910-2014.jar:na]
	at org.eclipse.ui.internal.Workbench$5.run(Workbench.java:610) [org.eclipse.ui.workbench_3.105.1.v20130821-1411.jar:na]
	at org.eclipse.core.databinding.observable.Realm.runWithDefault(Realm.java:332) [org.eclipse.core.databinding.observable_1.4.1.v20130515-1857.jar:na]
	at org.eclipse.ui.internal.Workbench.createAndRunWorkbench(Workbench.java:567) [org.eclipse.ui.workbench_3.105.1.v20130821-1411.jar:na]
	at org.eclipse.ui.PlatformUI.createAndRunWorkbench(PlatformUI.java:150) [org.eclipse.ui.workbench_3.105.1.v20130821-1411.jar:na]
	at org.eclipse.ui.internal.ide.application.IDEApplication.start(IDEApplication.java:124) [org.eclipse.ui.ide.application_1.0.400.v20130326-1250.jar:na]
	at org.eclipse.equinox.internal.app.EclipseAppHandle.run(EclipseAppHandle.java:196) [org.eclipse.equinox.app_1.3.100.v20130327-1442.jar:na]
	at org.eclipse.core.runtime.internal.adaptor.EclipseAppLauncher.runApplication(EclipseAppLauncher.java:110) [org.eclipse.osgi_3.9.1.v20130814-1242.jar:na]
	at org.eclipse.core.runtime.internal.adaptor.EclipseAppLauncher.start(EclipseAppLauncher.java:79) [org.eclipse.osgi_3.9.1.v20130814-1242.jar:na]
	at org.eclipse.core.runtime.adaptor.EclipseStarter.run(EclipseStarter.java:354) [org.eclipse.osgi_3.9.1.v20130814-1242.jar:na]
	at org.eclipse.core.runtime.adaptor.EclipseStarter.run(EclipseStarter.java:181) [org.eclipse.osgi_3.9.1.v20130814-1242.jar:na]
	at sun.reflect.NativeMethodAccessorImpl.invoke0(Native Method) ~[na:1.7.0_40]
	at sun.reflect.NativeMethodAccessorImpl.invoke(Unknown Source) ~[na:1.7.0_40]
	at sun.reflect.DelegatingMethodAccessorImpl.invoke(Unknown Source) ~[na:1.7.0_40]
	at java.lang.reflect.Method.invoke(Unknown Source) ~[na:1.7.0_40]
	at org.eclipse.equinox.launcher.Main.invokeFramework(Main.java:636) [org.eclipse.equinox.launcher_1.3.0.v20130327-1440.jar:na]
	at org.eclipse.equinox.launcher.Main.basicRun(Main.java:591) [org.eclipse.equinox.launcher_1.3.0.v20130327-1440.jar:na]
	at org.eclipse.equinox.launcher.Main.run(Main.java:1450) [org.eclipse.equinox.launcher_1.3.0.v20130327-1440.jar:na]
2014-02-03 19:29:54,284 [Recommenders-Dependency-Info-Service-0] ERROR o.e.r.u.a.ArchiveDetailsExtractor - Error while extracting name and version from file: F:\project\ECLIPSE_WORKSPACE(restorept)\Jplug\lib\jtidy-r938.jar
java.lang.NumberFormatException: For input string: "r938"
	at java.lang.NumberFormatException.forInputString(Unknown Source) ~[na:1.7.0_40]
	at java.lang.Integer.parseInt(Unknown Source) ~[na:1.7.0_40]
	at java.lang.Integer.parseInt(Unknown Source) ~[na:1.7.0_40]
	at org.eclipse.recommenders.utils.parser.MavenVersionParser.parseInt(MavenVersionParser.java:68) ~[org.eclipse.recommenders.utils_1.0.5.v20130822-0858-b90.jar:na]
	at org.eclipse.recommenders.utils.parser.MavenVersionParser.parse(MavenVersionParser.java:40) ~[org.eclipse.recommenders.utils_1.0.5.v20130822-0858-b90.jar:na]
	at org.eclipse.recommenders.utils.archive.MavenPomJarIdExtractor.parseVersion(MavenPomJarIdExtractor.java:59) ~[org.eclipse.recommenders.utils_1.0.5.v20130822-0858-b90.jar:na]
	at org.eclipse.recommenders.utils.archive.MavenPomJarIdExtractor.extract(MavenPomJarIdExtractor.java:37) ~[org.eclipse.recommenders.utils_1.0.5.v20130822-0858-b90.jar:na]
	at org.eclipse.recommenders.utils.archive.MavenPomJarIdExtractor.extract(MavenPomJarIdExtractor.java:29) ~[org.eclipse.recommenders.utils_1.0.5.v20130822-0858-b90.jar:na]
	at org.eclipse.recommenders.utils.archive.ArchiveDetailsExtractor.extractJarIds(ArchiveDetailsExtractor.java:64) [org.eclipse.recommenders.utils_1.0.5.v20130822-0858-b90.jar:na]
	at org.eclipse.recommenders.utils.archive.ArchiveDetailsExtractor.extractName(ArchiveDetailsExtractor.java:105) [org.eclipse.recommenders.utils_1.0.5.v20130822-0858-b90.jar:na]
	at org.eclipse.recommenders.internal.rcp.providers.ClasspathEntryInfoProvider$3.run(ClasspathEntryInfoProvider.java:245) [org.eclipse.recommenders.rcp_1.0.5.v20130822-0858-b90.jar:na]
	at java.util.concurrent.Executors$RunnableAdapter.call(Unknown Source) [na:1.7.0_40]
	at java.util.concurrent.FutureTask.run(Unknown Source) [na:1.7.0_40]
	at java.util.concurrent.ThreadPoolExecutor.runWorker(Unknown Source) [na:1.7.0_40]
	at java.util.concurrent.ThreadPoolExecutor$Worker.run(Unknown Source) [na:1.7.0_40]
	at java.lang.Thread.run(Unknown Source) [na:1.7.0_40]
2014-02-03 19:29:55,647 [pool-8-thread-1] INFO  c.n.h.c.p.n.NettyAsyncHttpProvider - Number of application's worked threads is 8
2014-02-04 19:22:31,225 [main] INFO  c.n.h.c.p.n.NettyAsyncHttpProvider - Number of application's worked threads is 8
2014-02-04 19:22:35,163 [pool-6-thread-1] INFO  c.n.h.c.p.n.NettyAsyncHttpProvider - Number of application's worked threads is 8
2014-02-04 19:22:36,788 [pool-8-thread-1] INFO  c.n.h.c.p.n.NettyAsyncHttpProvider - Number of application's worked threads is 8
2014-02-04 19:22:38,288 [pool-10-thread-1] INFO  c.n.h.c.p.n.NettyAsyncHttpProvider - Number of application's worked threads is 8
2014-02-05 23:22:04,354 [main] INFO  c.n.h.c.p.n.NettyAsyncHttpProvider - Number of application's worked threads is 8
2014-02-06 10:49:34,340 [main] INFO  c.n.h.c.p.n.NettyAsyncHttpProvider - Number of application's worked threads is 8
2014-02-06 10:49:34,917 [Worker-26] WARN  o.e.r.i.rcp.repo.ModelRepository - 'remote-models (http://download.eclipse.org/recommenders/models/kepler/, releases+snapshots)' did not send ETAG header for 'org.eclipse.recommenders:index:zip:0.0.0'.
2014-02-06 10:49:35,338 [pool-6-thread-1] INFO  c.n.h.c.p.n.NettyAsyncHttpProvider - Number of application's worked threads is 8
2014-02-06 10:49:35,510 [Worker-26] WARN  o.e.r.i.rcp.repo.ModelRepository - 'remote-models (http://download.eclipse.org/recommenders/models/kepler/, releases+snapshots)' did not send ETAG header for 'org.eclipse.recommenders:index:zip:0.0.0'.
2014-02-06 10:49:35,650 [Worker-26] ERROR o.e.r.i.r.repo.ModelRepositoryIndex - Failed to open search index.
org.apache.lucene.index.IndexNotFoundException: no segments* file found in org.apache.lucene.store.SimpleFSDirectory@G:\project\ECLIPSE_WORKSPACE(restorept)\.metadata\.plugins\org.eclipse.recommenders.rcp\index lockFactory=org.apache.lucene.store.NativeFSLockFactory@cce6e6: files: []
	at org.apache.lucene.index.SegmentInfos$FindSegmentsFile.run(SegmentInfos.java:712) ~[org.apache.lucene.core_3.5.0.v20120725-1805.jar:3.5.0 1204988 - simon - 2011-11-22 14:46:51]
	at org.apache.lucene.index.DirectoryReader.open(DirectoryReader.java:75) ~[org.apache.lucene.core_3.5.0.v20120725-1805.jar:3.5.0 1204988 - simon - 2011-11-22 14:46:51]
	at org.apache.lucene.index.IndexReader.open(IndexReader.java:462) ~[org.apache.lucene.core_3.5.0.v20120725-1805.jar:3.5.0 1204988 - simon - 2011-11-22 14:46:51]
	at org.apache.lucene.index.IndexReader.open(IndexReader.java:308) ~[org.apache.lucene.core_3.5.0.v20120725-1805.jar:3.5.0 1204988 - simon - 2011-11-22 14:46:51]
	at org.eclipse.recommenders.internal.rcp.repo.ModelRepositoryIndex.open(ModelRepositoryIndex.java:64) ~[org.eclipse.recommenders.rcp_1.0.5.v20130822-0858-b90.jar:na]
	at org.eclipse.recommenders.internal.rcp.repo.UpdateModelIndexJob.run(UpdateModelIndexJob.java:57) [org.eclipse.recommenders.rcp_1.0.5.v20130822-0858-b90.jar:na]
	at org.eclipse.core.internal.jobs.Worker.run(Worker.java:53) [org.eclipse.core.jobs_3.5.300.v20130429-1813.jar:na]
2014-02-06 10:49:35,884 [Recommenders-Dependency-Info-Service-0] ERROR o.e.r.u.a.ArchiveDetailsExtractor - Error while extracting name and version from file: G:\project\ECLIPSE_WORKSPACE(restorept)\Jplug\lib\jtidy-r938.jar
java.lang.NumberFormatException: For input string: "r938"
	at java.lang.NumberFormatException.forInputString(Unknown Source) ~[na:1.7.0_17]
	at java.lang.Integer.parseInt(Unknown Source) ~[na:1.7.0_17]
	at java.lang.Integer.parseInt(Unknown Source) ~[na:1.7.0_17]
	at org.eclipse.recommenders.utils.parser.MavenVersionParser.parseInt(MavenVersionParser.java:68) ~[org.eclipse.recommenders.utils_1.0.5.v20130822-0858-b90.jar:na]
	at org.eclipse.recommenders.utils.parser.MavenVersionParser.parse(MavenVersionParser.java:40) ~[org.eclipse.recommenders.utils_1.0.5.v20130822-0858-b90.jar:na]
	at org.eclipse.recommenders.utils.archive.MavenPomJarIdExtractor.parseVersion(MavenPomJarIdExtractor.java:59) ~[org.eclipse.recommenders.utils_1.0.5.v20130822-0858-b90.jar:na]
	at org.eclipse.recommenders.utils.archive.MavenPomJarIdExtractor.extract(MavenPomJarIdExtractor.java:37) ~[org.eclipse.recommenders.utils_1.0.5.v20130822-0858-b90.jar:na]
	at org.eclipse.recommenders.utils.archive.MavenPomJarIdExtractor.extract(MavenPomJarIdExtractor.java:29) ~[org.eclipse.recommenders.utils_1.0.5.v20130822-0858-b90.jar:na]
	at org.eclipse.recommenders.utils.archive.ArchiveDetailsExtractor.extractJarIds(ArchiveDetailsExtractor.java:64) [org.eclipse.recommenders.utils_1.0.5.v20130822-0858-b90.jar:na]
	at org.eclipse.recommenders.utils.archive.ArchiveDetailsExtractor.extractName(ArchiveDetailsExtractor.java:105) [org.eclipse.recommenders.utils_1.0.5.v20130822-0858-b90.jar:na]
	at org.eclipse.recommenders.internal.rcp.providers.ClasspathEntryInfoProvider$3.run(ClasspathEntryInfoProvider.java:245) [org.eclipse.recommenders.rcp_1.0.5.v20130822-0858-b90.jar:na]
	at java.util.concurrent.Executors$RunnableAdapter.call(Unknown Source) [na:1.7.0_17]
	at java.util.concurrent.FutureTask$Sync.innerRun(Unknown Source) [na:1.7.0_17]
	at java.util.concurrent.FutureTask.run(Unknown Source) [na:1.7.0_17]
	at java.util.concurrent.ThreadPoolExecutor.runWorker(Unknown Source) [na:1.7.0_17]
	at java.util.concurrent.ThreadPoolExecutor$Worker.run(Unknown Source) [na:1.7.0_17]
	at java.lang.Thread.run(Unknown Source) [na:1.7.0_17]
2014-02-08 11:19:49,124 [main] INFO  c.n.h.c.p.n.NettyAsyncHttpProvider - Number of application's worked threads is 8
2014-02-08 11:19:49,794 [main] ERROR o.e.r.i.r.repo.ModelRepositoryIndex - Failed to open search index.
org.apache.lucene.store.AlreadyClosedException: this Directory is closed
	at org.apache.lucene.store.Directory.ensureOpen(Directory.java:288) ~[org.apache.lucene.core_3.5.0.v20120725-1805.jar:3.5.0 1204988 - simon - 2011-11-22 14:46:51]
	at org.apache.lucene.store.FSDirectory.listAll(FSDirectory.java:240) ~[org.apache.lucene.core_3.5.0.v20120725-1805.jar:3.5.0 1204988 - simon - 2011-11-22 14:46:51]
	at org.apache.lucene.index.SegmentInfos$FindSegmentsFile.run(SegmentInfos.java:641) ~[org.apache.lucene.core_3.5.0.v20120725-1805.jar:3.5.0 1204988 - simon - 2011-11-22 14:46:51]
	at org.apache.lucene.index.DirectoryReader.open(DirectoryReader.java:75) ~[org.apache.lucene.core_3.5.0.v20120725-1805.jar:3.5.0 1204988 - simon - 2011-11-22 14:46:51]
	at org.apache.lucene.index.IndexReader.open(IndexReader.java:462) ~[org.apache.lucene.core_3.5.0.v20120725-1805.jar:3.5.0 1204988 - simon - 2011-11-22 14:46:51]
	at org.apache.lucene.index.IndexReader.open(IndexReader.java:308) ~[org.apache.lucene.core_3.5.0.v20120725-1805.jar:3.5.0 1204988 - simon - 2011-11-22 14:46:51]
	at org.eclipse.recommenders.internal.rcp.repo.ModelRepositoryIndex.open(ModelRepositoryIndex.java:64) ~[org.eclipse.recommenders.rcp_1.0.5.v20130822-0858-b90.jar:na]
	at org.eclipse.recommenders.internal.rcp.wiring.RecommendersModule$ServicesInitializer.<init>(RecommendersModule.java:377) [org.eclipse.recommenders.rcp_1.0.5.v20130822-0858-b90.jar:na]
	at sun.reflect.NativeConstructorAccessorImpl.newInstance0(Native Method) [na:1.7.0_40]
	at sun.reflect.NativeConstructorAccessorImpl.newInstance(Unknown Source) [na:1.7.0_40]
	at sun.reflect.DelegatingConstructorAccessorImpl.newInstance(Unknown Source) [na:1.7.0_40]
	at java.lang.reflect.Constructor.newInstance(Unknown Source) [na:1.7.0_40]
	at com.google.inject.internal.DefaultConstructionProxyFactory$1.newInstance(DefaultConstructionProxyFactory.java:85) [com.google.inject_3.0.0.v201203062045.jar:na]
	at com.google.inject.internal.ConstructorInjector.construct(ConstructorInjector.java:85) [com.google.inject_3.0.0.v201203062045.jar:na]
	at com.google.inject.internal.ConstructorBindingImpl$Factory.get(ConstructorBindingImpl.java:254) [com.google.inject_3.0.0.v201203062045.jar:na]
	at com.google.inject.internal.ProviderToInternalFactoryAdapter$1.call(ProviderToInternalFactoryAdapter.java:46) [com.google.inject_3.0.0.v201203062045.jar:na]
	at com.google.inject.internal.InjectorImpl.callInContext(InjectorImpl.java:1031) [com.google.inject_3.0.0.v201203062045.jar:na]
	at com.google.inject.internal.ProviderToInternalFactoryAdapter.get(ProviderToInternalFactoryAdapter.java:40) [com.google.inject_3.0.0.v201203062045.jar:na]
	at com.google.inject.Scopes$1$1.get(Scopes.java:65) [com.google.inject_3.0.0.v201203062045.jar:na]
	at com.google.inject.internal.InternalFactoryToProviderAdapter.get(InternalFactoryToProviderAdapter.java:40) [com.google.inject_3.0.0.v201203062045.jar:na]
	at com.google.inject.internal.InternalInjectorCreator$1.call(InternalInjectorCreator.java:204) [com.google.inject_3.0.0.v201203062045.jar:na]
	at com.google.inject.internal.InternalInjectorCreator$1.call(InternalInjectorCreator.java:198) [com.google.inject_3.0.0.v201203062045.jar:na]
	at com.google.inject.internal.InjectorImpl.callInContext(InjectorImpl.java:1024) [com.google.inject_3.0.0.v201203062045.jar:na]
	at com.google.inject.internal.InternalInjectorCreator.loadEagerSingletons(InternalInjectorCreator.java:198) [com.google.inject_3.0.0.v201203062045.jar:na]
	at com.google.inject.internal.InternalInjectorCreator.injectDynamically(InternalInjectorCreator.java:179) [com.google.inject_3.0.0.v201203062045.jar:na]
	at com.google.inject.internal.InternalInjectorCreator.build(InternalInjectorCreator.java:109) [com.google.inject_3.0.0.v201203062045.jar:na]
	at com.google.inject.Guice.createInjector(Guice.java:95) [com.google.inject_3.0.0.v201203062045.jar:na]
	at com.google.inject.Guice.createInjector(Guice.java:72) [com.google.inject_3.0.0.v201203062045.jar:na]
	at org.eclipse.recommenders.injection.InjectionService.getInjector(InjectionService.java:47) [org.eclipse.recommenders.injection_1.0.5.v20130822-0858-b90.jar:na]
	at org.eclipse.recommenders.injection.ExtensionFactory.<init>(ExtensionFactory.java:28) [org.eclipse.recommenders.injection_1.0.5.v20130822-0858-b90.jar:na]
	at sun.reflect.NativeConstructorAccessorImpl.newInstance0(Native Method) [na:1.7.0_40]
	at sun.reflect.NativeConstructorAccessorImpl.newInstance(Unknown Source) [na:1.7.0_40]
	at sun.reflect.DelegatingConstructorAccessorImpl.newInstance(Unknown Source) [na:1.7.0_40]
	at java.lang.reflect.Constructor.newInstance(Unknown Source) [na:1.7.0_40]
	at java.lang.Class.newInstance(Unknown Source) [na:1.7.0_40]
	at org.eclipse.core.internal.registry.osgi.RegistryStrategyOSGI.createExecutableExtension(RegistryStrategyOSGI.java:184) [org.eclipse.equinox.registry_3.5.301.v20130717-1549.jar:na]
	at org.eclipse.core.internal.registry.ExtensionRegistry.createExecutableExtension(ExtensionRegistry.java:905) [org.eclipse.equinox.registry_3.5.301.v20130717-1549.jar:na]
	at org.eclipse.core.internal.registry.ConfigurationElement.createExecutableExtension(ConfigurationElement.java:243) [org.eclipse.equinox.registry_3.5.301.v20130717-1549.jar:na]
	at org.eclipse.core.internal.registry.ConfigurationElementHandle.createExecutableExtension(ConfigurationElementHandle.java:55) [org.eclipse.equinox.registry_3.5.301.v20130717-1549.jar:na]
	at org.eclipse.jdt.internal.ui.text.java.CompletionProposalComputerDescriptor.createComputer(CompletionProposalComputerDescriptor.java:308) [org.eclipse.jdt.ui_3.9.1.v20130820-1427.jar:na]
	at org.eclipse.jdt.internal.ui.text.java.CompletionProposalComputerDescriptor.getComputer(CompletionProposalComputerDescriptor.java:275) [org.eclipse.jdt.ui_3.9.1.v20130820-1427.jar:na]
	at org.eclipse.jdt.internal.ui.text.java.CompletionProposalComputerDescriptor.sessionStarted(CompletionProposalComputerDescriptor.java:418) [org.eclipse.jdt.ui_3.9.1.v20130820-1427.jar:na]
	at org.eclipse.jdt.internal.ui.text.java.CompletionProposalCategory.sessionStarted(CompletionProposalCategory.java:384) [org.eclipse.jdt.ui_3.9.1.v20130820-1427.jar:na]
	at org.eclipse.jdt.internal.ui.text.java.ContentAssistProcessor$CompletionListener.assistSessionStarted(ContentAssistProcessor.java:119) [org.eclipse.jdt.ui_3.9.1.v20130820-1427.jar:na]
	at org.eclipse.jface.text.contentassist.ContentAssistant.fireSessionBeginEvent(ContentAssistant.java:2221) [org.eclipse.jface.text_3.8.101.v20130802-1147.jar:na]
	at org.eclipse.jface.text.contentassist.ContentAssistant.prepareToShowCompletions(ContentAssistant.java:1696) [org.eclipse.jface.text_3.8.101.v20130802-1147.jar:na]
	at org.eclipse.jface.text.contentassist.ContentAssistant.access$6(ContentAssistant.java:1687) [org.eclipse.jface.text_3.8.101.v20130802-1147.jar:na]
	at org.eclipse.jface.text.contentassist.ContentAssistant$2.run(ContentAssistant.java:376) [org.eclipse.jface.text_3.8.101.v20130802-1147.jar:na]
	at org.eclipse.swt.widgets.RunnableLock.run(RunnableLock.java:35) [org.eclipse.swt.win32.win32.x86_3.102.1.v20130827-2048.jar:na]
	at org.eclipse.swt.widgets.Synchronizer.runAsyncMessages(Synchronizer.java:135) [org.eclipse.swt.win32.win32.x86_3.102.1.v20130827-2048.jar:na]
	at org.eclipse.swt.widgets.Display.runAsyncMessages(Display.java:4145) [org.eclipse.swt.win32.win32.x86_3.102.1.v20130827-2048.jar:na]
	at org.eclipse.swt.widgets.Display.readAndDispatch(Display.java:3762) [org.eclipse.swt.win32.win32.x86_3.102.1.v20130827-2048.jar:na]
	at org.eclipse.e4.ui.internal.workbench.swt.PartRenderingEngine$9.run(PartRenderingEngine.java:1113) [org.eclipse.e4.ui.workbench.swt_0.12.1.v20130815-1438.jar:na]
	at org.eclipse.core.databinding.observable.Realm.runWithDefault(Realm.java:332) [org.eclipse.core.databinding.observable_1.4.1.v20130515-1857.jar:na]
	at org.eclipse.e4.ui.internal.workbench.swt.PartRenderingEngine.run(PartRenderingEngine.java:997) [org.eclipse.e4.ui.workbench.swt_0.12.1.v20130815-1438.jar:na]
	at org.eclipse.e4.ui.internal.workbench.E4Workbench.createAndRunUI(E4Workbench.java:138) [org.eclipse.e4.ui.workbench_1.0.1.v20130910-2014.jar:na]
	at org.eclipse.ui.internal.Workbench$5.run(Workbench.java:610) [org.eclipse.ui.workbench_3.105.1.v20130821-1411.jar:na]
	at org.eclipse.core.databinding.observable.Realm.runWithDefault(Realm.java:332) [org.eclipse.core.databinding.observable_1.4.1.v20130515-1857.jar:na]
	at org.eclipse.ui.internal.Workbench.createAndRunWorkbench(Workbench.java:567) [org.eclipse.ui.workbench_3.105.1.v20130821-1411.jar:na]
	at org.eclipse.ui.PlatformUI.createAndRunWorkbench(PlatformUI.java:150) [org.eclipse.ui.workbench_3.105.1.v20130821-1411.jar:na]
	at org.eclipse.ui.internal.ide.application.IDEApplication.start(IDEApplication.java:124) [org.eclipse.ui.ide.application_1.0.400.v20130326-1250.jar:na]
	at org.eclipse.equinox.internal.app.EclipseAppHandle.run(EclipseAppHandle.java:196) [org.eclipse.equinox.app_1.3.100.v20130327-1442.jar:na]
	at org.eclipse.core.runtime.internal.adaptor.EclipseAppLauncher.runApplication(EclipseAppLauncher.java:110) [org.eclipse.osgi_3.9.1.v20130814-1242.jar:na]
	at org.eclipse.core.runtime.internal.adaptor.EclipseAppLauncher.start(EclipseAppLauncher.java:79) [org.eclipse.osgi_3.9.1.v20130814-1242.jar:na]
	at org.eclipse.core.runtime.adaptor.EclipseStarter.run(EclipseStarter.java:354) [org.eclipse.osgi_3.9.1.v20130814-1242.jar:na]
	at org.eclipse.core.runtime.adaptor.EclipseStarter.run(EclipseStarter.java:181) [org.eclipse.osgi_3.9.1.v20130814-1242.jar:na]
	at sun.reflect.NativeMethodAccessorImpl.invoke0(Native Method) ~[na:1.7.0_40]
	at sun.reflect.NativeMethodAccessorImpl.invoke(Unknown Source) ~[na:1.7.0_40]
	at sun.reflect.DelegatingMethodAccessorImpl.invoke(Unknown Source) ~[na:1.7.0_40]
	at java.lang.reflect.Method.invoke(Unknown Source) ~[na:1.7.0_40]
	at org.eclipse.equinox.launcher.Main.invokeFramework(Main.java:636) [org.eclipse.equinox.launcher_1.3.0.v20130327-1440.jar:na]
	at org.eclipse.equinox.launcher.Main.basicRun(Main.java:591) [org.eclipse.equinox.launcher_1.3.0.v20130327-1440.jar:na]
	at org.eclipse.equinox.launcher.Main.run(Main.java:1450) [org.eclipse.equinox.launcher_1.3.0.v20130327-1440.jar:na]
2014-02-08 11:19:49,848 [Worker-11] ERROR o.e.r.i.r.repo.ModelRepositoryIndex - Failed to open search index.
org.apache.lucene.index.IndexNotFoundException: no segments* file found in org.apache.lucene.store.SimpleFSDirectory@F:\project\ECLIPSE_WORKSPACE(restorept)\.metadata\.plugins\org.eclipse.recommenders.rcp\index lockFactory=org.apache.lucene.store.NativeFSLockFactory@bad1fe: files: []
	at org.apache.lucene.index.SegmentInfos$FindSegmentsFile.run(SegmentInfos.java:712) ~[org.apache.lucene.core_3.5.0.v20120725-1805.jar:3.5.0 1204988 - simon - 2011-11-22 14:46:51]
	at org.apache.lucene.index.DirectoryReader.open(DirectoryReader.java:75) ~[org.apache.lucene.core_3.5.0.v20120725-1805.jar:3.5.0 1204988 - simon - 2011-11-22 14:46:51]
	at org.apache.lucene.index.IndexReader.open(IndexReader.java:462) ~[org.apache.lucene.core_3.5.0.v20120725-1805.jar:3.5.0 1204988 - simon - 2011-11-22 14:46:51]
	at org.apache.lucene.index.IndexReader.open(IndexReader.java:308) ~[org.apache.lucene.core_3.5.0.v20120725-1805.jar:3.5.0 1204988 - simon - 2011-11-22 14:46:51]
	at org.eclipse.recommenders.internal.rcp.repo.ModelRepositoryIndex.open(ModelRepositoryIndex.java:64) ~[org.eclipse.recommenders.rcp_1.0.5.v20130822-0858-b90.jar:na]
	at org.eclipse.recommenders.internal.rcp.repo.UpdateModelIndexJob.run(UpdateModelIndexJob.java:57) [org.eclipse.recommenders.rcp_1.0.5.v20130822-0858-b90.jar:na]
	at org.eclipse.core.internal.jobs.Worker.run(Worker.java:53) [org.eclipse.core.jobs_3.5.300.v20130429-1813.jar:na]
2014-02-08 11:19:51,363 [Recommenders-Dependency-Info-Service-0] ERROR o.e.r.u.a.ArchiveDetailsExtractor - Error while extracting name and version from file: F:\project\ECLIPSE_WORKSPACE(restorept)\Jplug\lib\jtidy-r938.jar
java.lang.NumberFormatException: For input string: "r938"
	at java.lang.NumberFormatException.forInputString(Unknown Source) ~[na:1.7.0_40]
	at java.lang.Integer.parseInt(Unknown Source) ~[na:1.7.0_40]
	at java.lang.Integer.parseInt(Unknown Source) ~[na:1.7.0_40]
	at org.eclipse.recommenders.utils.parser.MavenVersionParser.parseInt(MavenVersionParser.java:68) ~[org.eclipse.recommenders.utils_1.0.5.v20130822-0858-b90.jar:na]
	at org.eclipse.recommenders.utils.parser.MavenVersionParser.parse(MavenVersionParser.java:40) ~[org.eclipse.recommenders.utils_1.0.5.v20130822-0858-b90.jar:na]
	at org.eclipse.recommenders.utils.archive.MavenPomJarIdExtractor.parseVersion(MavenPomJarIdExtractor.java:59) ~[org.eclipse.recommenders.utils_1.0.5.v20130822-0858-b90.jar:na]
	at org.eclipse.recommenders.utils.archive.MavenPomJarIdExtractor.extract(MavenPomJarIdExtractor.java:37) ~[org.eclipse.recommenders.utils_1.0.5.v20130822-0858-b90.jar:na]
	at org.eclipse.recommenders.utils.archive.MavenPomJarIdExtractor.extract(MavenPomJarIdExtractor.java:29) ~[org.eclipse.recommenders.utils_1.0.5.v20130822-0858-b90.jar:na]
	at org.eclipse.recommenders.utils.archive.ArchiveDetailsExtractor.extractJarIds(ArchiveDetailsExtractor.java:64) [org.eclipse.recommenders.utils_1.0.5.v20130822-0858-b90.jar:na]
	at org.eclipse.recommenders.utils.archive.ArchiveDetailsExtractor.extractName(ArchiveDetailsExtractor.java:105) [org.eclipse.recommenders.utils_1.0.5.v20130822-0858-b90.jar:na]
	at org.eclipse.recommenders.internal.rcp.providers.ClasspathEntryInfoProvider$3.run(ClasspathEntryInfoProvider.java:245) [org.eclipse.recommenders.rcp_1.0.5.v20130822-0858-b90.jar:na]
	at java.util.concurrent.Executors$RunnableAdapter.call(Unknown Source) [na:1.7.0_40]
	at java.util.concurrent.FutureTask.run(Unknown Source) [na:1.7.0_40]
	at java.util.concurrent.ThreadPoolExecutor.runWorker(Unknown Source) [na:1.7.0_40]
	at java.util.concurrent.ThreadPoolExecutor$Worker.run(Unknown Source) [na:1.7.0_40]
	at java.lang.Thread.run(Unknown Source) [na:1.7.0_40]
2014-02-08 12:43:32,119 [Worker-59] INFO  c.n.h.c.p.n.NettyAsyncHttpProvider - Number of application's worked threads is 8
2014-02-08 12:43:36,719 [New I/O client worker #2-1] INFO  o.e.m.c.i.e.AbstractTransferListenerAdapter - Downloaded http://repo.maven.apache.org/maven2/org/apache/jmeter/ApacheJMeter_parent/@MAVEN.DEPLOY.VERSION@/ApacheJMeter_parent-@MAVEN.DEPLOY.VERSION@.pom
2014-02-08 12:43:36,733 [Worker-59] ERROR o.e.m.c.i.p.r.ProjectRegistryManager - Failed to read Maven project: 1 problem was encountered while building the effective model for org.apache.jmeter:ApacheJMeter_core:@MAVEN.DEPLOY.VERSION@
[FATAL] Non-resolvable parent POM: Could not find artifact org.apache.jmeter:ApacheJMeter_parent:pom:@MAVEN.DEPLOY.VERSION@ in central (http://repo.maven.apache.org/maven2) and 'parent.relativePath' points at wrong local POM @ line 22, column 13
 for project org.apache.jmeter:ApacheJMeter_core:@MAVEN.DEPLOY.VERSION@ at F:\project\ECLIPSE_WORKSPACE(restorept)\Jplug\res\maven\ApacheJMeter_core.pom
org.apache.maven.project.ProjectBuildingException: 1 problem was encountered while building the effective model for org.apache.jmeter:ApacheJMeter_core:@MAVEN.DEPLOY.VERSION@
[FATAL] Non-resolvable parent POM: Could not find artifact org.apache.jmeter:ApacheJMeter_parent:pom:@MAVEN.DEPLOY.VERSION@ in central (http://repo.maven.apache.org/maven2) and 'parent.relativePath' points at wrong local POM @ line 22, column 13
 for project org.apache.jmeter:ApacheJMeter_core:@MAVEN.DEPLOY.VERSION@ at F:\project\ECLIPSE_WORKSPACE(restorept)\Jplug\res\maven\ApacheJMeter_core.pom
	at org.apache.maven.project.DefaultProjectBuilder.build(DefaultProjectBuilder.java:149) ~[maven-core-3.0.4.jar:3.0.4]
	at org.apache.maven.project.DefaultProjectBuilder.build(DefaultProjectBuilder.java:102) ~[maven-core-3.0.4.jar:3.0.4]
	at org.eclipse.m2e.core.internal.embedder.MavenImpl.readMavenProject(MavenImpl.java:621) ~[org.eclipse.m2e.core_1.4.0.20130601-0317.jar:na]
	at org.eclipse.m2e.core.internal.project.registry.ProjectRegistryManager$5.call(ProjectRegistryManager.java:768) ~[org.eclipse.m2e.core_1.4.0.20130601-0317.jar:na]
	at org.eclipse.m2e.core.internal.project.registry.ProjectRegistryManager$5.call(ProjectRegistryManager.java:1) ~[org.eclipse.m2e.core_1.4.0.20130601-0317.jar:na]
	at org.eclipse.m2e.core.internal.embedder.MavenExecutionContext.executeBare(MavenExecutionContext.java:161) ~[org.eclipse.m2e.core_1.4.0.20130601-0317.jar:na]
	at org.eclipse.m2e.core.internal.embedder.MavenExecutionContext.execute(MavenExecutionContext.java:137) ~[org.eclipse.m2e.core_1.4.0.20130601-0317.jar:na]
	at org.eclipse.m2e.core.internal.embedder.MavenExecutionContext.execute(MavenExecutionContext.java:89) ~[org.eclipse.m2e.core_1.4.0.20130601-0317.jar:na]
	at org.eclipse.m2e.core.internal.project.registry.ProjectRegistryManager.execute(ProjectRegistryManager.java:897) ~[org.eclipse.m2e.core_1.4.0.20130601-0317.jar:na]
	at org.eclipse.m2e.core.internal.project.registry.ProjectRegistryManager.readProjectWithDependencies(ProjectRegistryManager.java:764) ~[org.eclipse.m2e.core_1.4.0.20130601-0317.jar:na]
	at org.eclipse.m2e.core.internal.project.registry.ProjectRegistryManager.create(ProjectRegistryManager.java:165) ~[org.eclipse.m2e.core_1.4.0.20130601-0317.jar:na]
	at org.eclipse.m2e.core.internal.project.registry.MavenProjectManager.create(MavenProjectManager.java:79) [org.eclipse.m2e.core_1.4.0.20130601-0317.jar:na]
	at org.eclipse.m2e.core.ui.internal.actions.SelectionUtil.getMavenProject(SelectionUtil.java:284) [org.eclipse.m2e.core.ui_1.4.0.20130601-0317.jar:na]
	at org.eclipse.m2e.editor.pom.MavenPomEditor.readMavenProject(MavenPomEditor.java:754) [org.eclipse.m2e.editor_1.4.0.20130601-0317.jar:na]
	at org.eclipse.m2e.editor.pom.MavenPomEditor$6.run(MavenPomEditor.java:1077) [org.eclipse.m2e.editor_1.4.0.20130601-0317.jar:na]
	at org.eclipse.core.internal.jobs.Worker.run(Worker.java:53) [org.eclipse.core.jobs_3.5.300.v20130429-1813.jar:na]
Caused by: org.apache.maven.model.building.ModelBuildingException: 1 problem was encountered while building the effective model for org.apache.jmeter:ApacheJMeter_core:@MAVEN.DEPLOY.VERSION@
[FATAL] Non-resolvable parent POM: Could not find artifact org.apache.jmeter:ApacheJMeter_parent:pom:@MAVEN.DEPLOY.VERSION@ in central (http://repo.maven.apache.org/maven2) and 'parent.relativePath' points at wrong local POM @ line 22, column 13

	at org.apache.maven.model.building.DefaultModelProblemCollector.newModelBuildingException(DefaultModelProblemCollector.java:195) ~[maven-model-builder-3.0.4.jar:3.0.4]
	at org.apache.maven.model.building.DefaultModelBuilder.readParentExternally(DefaultModelBuilder.java:841) ~[maven-model-builder-3.0.4.jar:3.0.4]
	at org.apache.maven.model.building.DefaultModelBuilder.readParent(DefaultModelBuilder.java:664) ~[maven-model-builder-3.0.4.jar:3.0.4]
	at org.apache.maven.model.building.DefaultModelBuilder.build(DefaultModelBuilder.java:310) ~[maven-model-builder-3.0.4.jar:3.0.4]
	at org.apache.maven.model.building.DefaultModelBuilder.build(DefaultModelBuilder.java:232) ~[maven-model-builder-3.0.4.jar:3.0.4]
	at org.apache.maven.project.DefaultProjectBuilder.build(DefaultProjectBuilder.java:142) ~[maven-core-3.0.4.jar:3.0.4]
	... 15 common frames omitted
2014-02-08 12:43:37,652 [Worker-65] INFO  o.e.m.c.i.i.nexus.NexusIndexManager - Updating index for repository: central|http://repo.maven.apache.org/maven2
2014-02-08 12:43:37,683 [Worker-65] INFO  c.n.h.c.p.n.NettyAsyncHttpProvider - Number of application's worked threads is 8
2014-02-08 12:57:07,697 [Worker-65] ERROR o.e.m.c.i.i.nexus.NexusIndexManager - Unable to update index for central|http://repo.maven.apache.org/maven2: C:\Users\Clyde Delacroix\.m2\repository\.cache\m2e\1.4.0\26522e0d83a422eed93329ece7565cfc\nexus-maven-repository-index.zip (The system cannot find the file specified)
java.io.FileNotFoundException: C:\Users\Clyde Delacroix\.m2\repository\.cache\m2e\1.4.0\26522e0d83a422eed93329ece7565cfc\nexus-maven-repository-index.zip (The system cannot find the file specified)
	at java.io.FileInputStream.open(Native Method) ~[na:1.7.0_40]
	at java.io.FileInputStream.<init>(Unknown Source) ~[na:1.7.0_40]
	at org.apache.maven.index.updater.DefaultIndexUpdater$FileFetcher.retrieve(DefaultIndexUpdater.java:568) ~[indexer-core-3.1.0.jar:3.1.0]
	at org.apache.maven.index.updater.DefaultIndexUpdater.loadIndexDirectory(DefaultIndexUpdater.java:206) ~[indexer-core-3.1.0.jar:3.1.0]
	at org.apache.maven.index.updater.DefaultIndexUpdater.access$300(DefaultIndexUpdater.java:75) ~[indexer-core-3.1.0.jar:3.1.0]
	at org.apache.maven.index.updater.DefaultIndexUpdater$LuceneIndexAdaptor.setIndexFile(DefaultIndexUpdater.java:645) ~[indexer-core-3.1.0.jar:3.1.0]
	at org.apache.maven.index.updater.DefaultIndexUpdater.fetchAndUpdateIndex(DefaultIndexUpdater.java:844) ~[indexer-core-3.1.0.jar:3.1.0]
	at org.apache.maven.index.updater.DefaultIndexUpdater.fetchAndUpdateIndex(DefaultIndexUpdater.java:156) ~[indexer-core-3.1.0.jar:3.1.0]
	at org.eclipse.m2e.core.internal.index.nexus.NexusIndexManager.updateRemoteIndex(NexusIndexManager.java:1139) [org.eclipse.m2e.core_1.4.0.20130601-0317.jar:na]
	at org.eclipse.m2e.core.internal.index.nexus.NexusIndexManager.updateIndex(NexusIndexManager.java:1083) [org.eclipse.m2e.core_1.4.0.20130601-0317.jar:na]
	at org.eclipse.m2e.core.internal.index.nexus.NexusIndexManager$1.run(NexusIndexManager.java:660) [org.eclipse.m2e.core_1.4.0.20130601-0317.jar:na]
	at org.eclipse.m2e.core.internal.index.nexus.IndexUpdaterJob.run(IndexUpdaterJob.java:72) [org.eclipse.m2e.core_1.4.0.20130601-0317.jar:na]
	at org.eclipse.core.internal.jobs.Worker.run(Worker.java:53) [org.eclipse.core.jobs_3.5.300.v20130429-1813.jar:na]
